0 info it worked if it ends with ok
1 verbose cli [ 'C:\\Program Files\\nodejs\\\\node.exe',
1 verbose cli   'C:\\Program Files\\nodejs\\node_modules\\npm\\bin\\npm-cli.js',
1 verbose cli   'install',
1 verbose cli   '-g',
1 verbose cli   'phpunit' ]
2 info using npm@1.4.3
3 info using node@v0.10.26
4 verbose node symlink C:\Program Files\nodejs\\node.exe
5 verbose cache add [ 'phpunit', null ]
6 verbose cache add name=undefined spec="phpunit" args=["phpunit",null]
7 verbose parsed url { protocol: null,
7 verbose parsed url   slashes: null,
7 verbose parsed url   auth: null,
7 verbose parsed url   host: null,
7 verbose parsed url   port: null,
7 verbose parsed url   hostname: null,
7 verbose parsed url   hash: null,
7 verbose parsed url   search: null,
7 verbose parsed url   query: null,
7 verbose parsed url   pathname: 'phpunit',
7 verbose parsed url   path: 'phpunit',
7 verbose parsed url   href: 'phpunit' }
8 silly lockFile cd00448f-phpunit phpunit
9 verbose lock phpunit C:\Users\bruno.jesus\AppData\Roaming\npm-cache\cd00448f-phpunit.lock
10 silly lockFile cd00448f-phpunit phpunit
11 silly lockFile cd00448f-phpunit phpunit
12 verbose addNamed [ 'phpunit', '' ]
13 verbose addNamed [ null, '*' ]
14 silly lockFile 72986483-phpunit phpunit@
15 verbose lock phpunit@ C:\Users\bruno.jesus\AppData\Roaming\npm-cache\72986483-phpunit.lock
16 silly addNameRange { name: 'phpunit', range: '*', hasData: false }
17 verbose url raw phpunit
18 verbose url resolving [ 'https://registry.npmjs.org/', './phpunit' ]
19 verbose url resolved https://registry.npmjs.org/phpunit
20 info trying registry request attempt 1 at 14:25:52
21 http GET https://registry.npmjs.org/phpunit
22 info retry will retry, error on last attempt: Error: tunneling socket could not be established, cause=getaddrinfo ENOTFOUND
23 info trying registry request attempt 2 at 14:26:05
24 http GET https://registry.npmjs.org/phpunit
25 info retry will retry, error on last attempt: Error: tunneling socket could not be established, cause=getaddrinfo ENOTFOUND
26 info trying registry request attempt 3 at 14:27:07
27 http GET https://registry.npmjs.org/phpunit
28 silly lockFile 72986483-phpunit phpunit@
29 silly lockFile 72986483-phpunit phpunit@
30 error network tunneling socket could not be established, cause=getaddrinfo ENOTFOUND
30 error network This is most likely not a problem with npm itself
30 error network and is related to network connectivity.
30 error network In most cases you are behind a proxy or have bad network settings.
30 error network
30 error network If you are behind a proxy, please make sure that the
30 error network 'proxy' config is set properly.  See: 'npm help config'
31 error System Windows_NT 6.1.7601
32 error command "C:\\Program Files\\nodejs\\\\node.exe" "C:\\Program Files\\nodejs\\node_modules\\npm\\bin\\npm-cli.js" "install" "-g" "phpunit"
33 error cwd C:\SENAI\Fontes\pedidos\app
34 error node -v v0.10.26
35 error npm -v 1.4.3
36 error code ECONNRESET
37 verbose exit [ 1, true ]
